2025-05-23 07:51:04,021 INFO [main] c.d.j.S.c.MainApp [MainApp.java:25] === Iniciando Sistema de Gestión de Emergencias Urbanas ===
2025-05-23 07:51:04,021 INFO [main] c.d.j.S.c.MainApp [MainApp.java:25] === Iniciando Sistema de Gestión de Emergencias Urbanas ===
2025-05-23 07:51:04,202 DEBUG [main] c.d.j.S.c.MainApp [MainApp.java:27] ConsolaView inicializada: com.devsenior.jquiguantar.SGEU.view.ConsolaView@235834f2
2025-05-23 07:51:04,202 DEBUG [main] c.d.j.S.c.MainApp [MainApp.java:27] ConsolaView inicializada: com.devsenior.jquiguantar.SGEU.view.ConsolaView@235834f2
2025-05-23 07:51:04,205 DEBUG [main] c.d.j.S.c.MainApp [MainApp.java:30] TimeCalculation inicializado: com.devsenior.jquiguantar.SGEU.model.patterns.strategy.BasicTimeResponseStrategy@73a1e9a9
2025-05-23 07:51:04,205 DEBUG [main] c.d.j.S.c.MainApp [MainApp.java:30] TimeCalculation inicializado: com.devsenior.jquiguantar.SGEU.model.patterns.strategy.BasicTimeResponseStrategy@73a1e9a9
2025-05-23 07:51:04,240 DEBUG [main] c.d.j.S.c.MainApp [MainApp.java:33] EmergencySistem inicializado: com.devsenior.jquiguantar.SGEU.model.patterns.singleton.EmergencySistem@71d44a3
2025-05-23 07:51:04,240 DEBUG [main] c.d.j.S.c.MainApp [MainApp.java:33] EmergencySistem inicializado: com.devsenior.jquiguantar.SGEU.model.patterns.singleton.EmergencySistem@71d44a3
2025-05-23 07:51:10,067 DEBUG [main] c.d.j.S.c.MainApp [MainApp.java:39] Opción seleccionada en el menú: 1
2025-05-23 07:51:10,067 DEBUG [main] c.d.j.S.c.MainApp [MainApp.java:39] Opción seleccionada en el menú: 1
2025-05-23 07:51:10,068 INFO [main] c.d.j.S.c.MainApp [MainApp.java:43] Iniciando registro de nueva emergencia
2025-05-23 07:51:10,068 INFO [main] c.d.j.S.c.MainApp [MainApp.java:43] Iniciando registro de nueva emergencia
2025-05-23 07:51:10,068 DEBUG [main] c.d.j.S.c.MainApp [MainApp.java:73] Solicitando tipo de emergencia
2025-05-23 07:51:10,068 DEBUG [main] c.d.j.S.c.MainApp [MainApp.java:73] Solicitando tipo de emergencia
2025-05-23 07:51:12,194 DEBUG [main] c.d.j.S.c.MainApp [MainApp.java:75] Tipo de emergencia seleccionado: Incendio - Descripción: Incendio
2025-05-23 07:51:12,194 DEBUG [main] c.d.j.S.c.MainApp [MainApp.java:75] Tipo de emergencia seleccionado: Incendio - Descripción: Incendio
2025-05-23 07:51:12,194 DEBUG [main] c.d.j.S.c.MainApp [MainApp.java:78] Solicitando ubicación
2025-05-23 07:51:12,194 DEBUG [main] c.d.j.S.c.MainApp [MainApp.java:78] Solicitando ubicación
2025-05-23 07:51:13,788 DEBUG [main] c.d.j.S.c.MainApp [MainApp.java:80] Ubicación registrada - Latitud: 0.9612873299369811, Longitud: -77.73101296102986
2025-05-23 07:51:13,788 DEBUG [main] c.d.j.S.c.MainApp [MainApp.java:80] Ubicación registrada - Latitud: 0.9612873299369811, Longitud: -77.73101296102986
2025-05-23 07:51:13,789 DEBUG [main] c.d.j.S.c.MainApp [MainApp.java:83] Solicitando nivel de severidad
2025-05-23 07:51:13,789 DEBUG [main] c.d.j.S.c.MainApp [MainApp.java:83] Solicitando nivel de severidad
2025-05-23 07:51:17,236 DEBUG [main] c.d.j.S.c.MainApp [MainApp.java:85] Nivel de severidad seleccionado: ALTO
2025-05-23 07:51:17,236 DEBUG [main] c.d.j.S.c.MainApp [MainApp.java:85] Nivel de severidad seleccionado: ALTO
2025-05-23 07:51:17,237 DEBUG [main] c.d.j.S.c.MainApp [MainApp.java:87] Calculando tiempo de respuesta
2025-05-23 07:51:17,237 DEBUG [main] c.d.j.S.c.MainApp [MainApp.java:87] Calculando tiempo de respuesta
2025-05-23 07:51:19,870 DEBUG [main] c.d.j.S.c.MainApp [MainApp.java:89] Tiempo estimado calculado: 6.754699274574492 minutos
2025-05-23 07:51:19,870 DEBUG [main] c.d.j.S.c.MainApp [MainApp.java:89] Tiempo estimado calculado: 6.754699274574492 minutos
2025-05-23 07:51:19,882 DEBUG [main] c.d.j.S.c.MainApp [MainApp.java:92] Nueva emergencia creada: Emergencia [tipo=Incendio, nivelGravedad=ALTO, ubicacion=com.devsenior.jquiguantar.SGEU.model.util.Location@ddb02be9, tiempoEstimado=6.754699274574492, atendida=false]
2025-05-23 07:51:19,882 DEBUG [main] c.d.j.S.c.MainApp [MainApp.java:92] Nueva emergencia creada: Emergencia [tipo=Incendio, nivelGravedad=ALTO, ubicacion=com.devsenior.jquiguantar.SGEU.model.util.Location@ddb02be9, tiempoEstimado=6.754699274574492, atendida=false]
2025-05-23 07:51:19,883 INFO [main] c.d.j.S.c.MainApp [MainApp.java:95] Emergencia registrada exitosamente en el sistema
2025-05-23 07:51:19,883 INFO [main] c.d.j.S.c.MainApp [MainApp.java:95] Emergencia registrada exitosamente en el sistema
2025-05-23 07:51:19,884 DEBUG [main] c.d.j.S.c.MainApp [MainApp.java:99] Total de emergencias activas después del registro: 1
2025-05-23 07:51:19,884 DEBUG [main] c.d.j.S.c.MainApp [MainApp.java:99] Total de emergencias activas después del registro: 1
2025-05-23 07:51:25,734 DEBUG [main] c.d.j.S.c.MainApp [MainApp.java:39] Opción seleccionada en el menú: 2
2025-05-23 07:51:25,734 DEBUG [main] c.d.j.S.c.MainApp [MainApp.java:39] Opción seleccionada en el menú: 2
2025-05-23 07:51:25,734 INFO [main] c.d.j.S.c.MainApp [MainApp.java:47] Mostrando emergencias activas
2025-05-23 07:51:25,734 INFO [main] c.d.j.S.c.MainApp [MainApp.java:47] Mostrando emergencias activas
2025-05-23 07:51:25,735 DEBUG [main] c.d.j.S.c.MainApp [MainApp.java:109] Obteniendo lista de emergencias activas
2025-05-23 07:51:25,735 DEBUG [main] c.d.j.S.c.MainApp [MainApp.java:109] Obteniendo lista de emergencias activas
2025-05-23 07:51:25,736 DEBUG [main] c.d.j.S.c.MainApp [MainApp.java:111] Número de emergencias activas: 1
2025-05-23 07:51:25,736 DEBUG [main] c.d.j.S.c.MainApp [MainApp.java:111] Número de emergencias activas: 1
2025-05-23 07:51:25,736 DEBUG [main] c.d.j.S.c.MainApp [MainApp.java:116] Detalle de emergencias activas:
2025-05-23 07:51:25,736 DEBUG [main] c.d.j.S.c.MainApp [MainApp.java:116] Detalle de emergencias activas:
2025-05-23 07:51:25,737 DEBUG [main] c.d.j.S.c.MainApp [MainApp.java:118] Emergencia: Emergencia [tipo=Incendio, nivelGravedad=ALTO, ubicacion=com.devsenior.jquiguantar.SGEU.model.util.Location@ddb02be9, tiempoEstimado=6.754699274574492, atendida=false]
2025-05-23 07:51:25,737 DEBUG [main] c.d.j.S.c.MainApp [MainApp.java:118] Emergencia: Emergencia [tipo=Incendio, nivelGravedad=ALTO, ubicacion=com.devsenior.jquiguantar.SGEU.model.util.Location@ddb02be9, tiempoEstimado=6.754699274574492, atendida=false]
2025-05-23 07:52:07,444 DEBUG [main] c.d.j.S.c.MainApp [MainApp.java:39] Opción seleccionada en el menú: 6
2025-05-23 07:52:07,444 DEBUG [main] c.d.j.S.c.MainApp [MainApp.java:39] Opción seleccionada en el menú: 6
2025-05-23 07:52:07,444 INFO [main] c.d.j.S.c.MainApp [MainApp.java:61] Finalizando aplicación
2025-05-23 07:52:07,444 INFO [main] c.d.j.S.c.MainApp [MainApp.java:61] Finalizando aplicación
2025-05-23 07:52:07,444 INFO [main] c.d.j.S.c.MainApp [MainApp.java:68] === Sistema finalizado correctamente ===
2025-05-23 07:52:07,444 INFO [main] c.d.j.S.c.MainApp [MainApp.java:68] === Sistema finalizado correctamente ===
